<?xml version="1.0" encoding="UTF-8"?>
<!-- Generated by org.testng.reporters.JUnitXMLReporter -->
<testsuite hostname="vmt5023" ignored="0" name="Default test" tests="4" failures="0" timestamp="22 Jul 2019 09:20:02 GMT" time="60.833" errors="0">
  <testcase name="f" time="9.436" classname="testData.ExcelDemo2"/>
  <testcase name="f" time="9.891" classname="testData.ExcelDemo2"/>
  <testcase name="f" time="8.784" classname="testData.ExcelDemo2"/>
  <testcase name="f" time="10.069" classname="testData.ExcelDemo2"/>
</testsuite> <!-- Default test -->
